{"level":"info","message":"User registered successfully: test@example.com","metadata":{},"timestamp":"2026-06-11 12:37:41"}
{"level":"error","message":"Cannot read properties of undefined (reading 'user') - POST /api/auth/register","metadata":{"stack":"TypeError: Cannot read properties of undefined (reading 'user')\n    at register (C:\\Users\\sriva\\OneDrive\\Desktop\\Paytm_clone\\backend\\src\\modules\\auth\\auth.controller.ts:92:24)"},"timestamp":"2026-06-11 12:37:41"}
{"level":"error","message":"Invalid credentials - POST /api/auth/login","metadata":{"stack":"Error: Invalid credentials\n    at login (C:\\Users\\sriva\\OneDrive\\Desktop\\Paytm_clone\\backend\\src\\modules\\auth\\auth.controller.ts:126:13)"},"timestamp":"2026-06-11 12:37:41"}
{"level":"info","message":"User registered successfully: test@example.com","metadata":{},"timestamp":"2026-06-11 12:42:33"}
{"level":"error","message":"Cannot read properties of undefined (reading 'user') - POST /api/auth/register","metadata":{"stack":"TypeError: Cannot read properties of undefined (reading 'user')\n    at register (C:\\Users\\sriva\\OneDrive\\Desktop\\Paytm_clone\\backend\\src\\modules\\auth\\auth.controller.ts:92:24)"},"timestamp":"2026-06-11 12:42:33"}
{"level":"info","message":"OTP 123456 sent to user: test@example.com","metadata":{},"timestamp":"2026-06-11 12:42:33"}
{"level":"info","message":"User registered successfully: test@example.com","metadata":{},"timestamp":"2026-06-11 12:46:41"}
{"level":"error","message":"Cannot read properties of undefined (reading 'user') - POST /api/auth/register","metadata":{"stack":"TypeError: Cannot read properties of undefined (reading 'user')\n    at register (C:\\Users\\sriva\\OneDrive\\Desktop\\Paytm_clone\\backend\\src\\modules\\auth\\auth.controller.ts:92:24)"},"timestamp":"2026-06-11 12:46:41"}
{"level":"info","message":"OTP 123456 sent to user: test@example.com","metadata":{},"timestamp":"2026-06-11 12:46:41"}
{"level":"info","message":"User registered successfully: test@example.com","metadata":{},"timestamp":"2026-06-11 12:47:15"}
{"level":"error","message":"Cannot read properties of undefined (reading 'user') - POST /api/auth/register","metadata":{"stack":"TypeError: Cannot read properties of undefined (reading 'user')\n    at register (C:\\Users\\sriva\\OneDrive\\Desktop\\Paytm_clone\\backend\\src\\modules\\auth\\auth.controller.ts:92:24)"},"timestamp":"2026-06-11 12:47:15"}
{"level":"info","message":"OTP 123456 sent to user: test@example.com","metadata":{},"timestamp":"2026-06-11 12:47:15"}
{"level":"info","message":"User registered successfully: test@example.com","metadata":{},"timestamp":"2026-06-11 12:47:44"}
{"level":"error","message":"Cannot read properties of undefined (reading 'user') - POST /api/auth/register","metadata":{"stack":"TypeError: Cannot read properties of undefined (reading 'user')\n    at register (C:\\Users\\sriva\\OneDrive\\Desktop\\Paytm_clone\\backend\\src\\modules\\auth\\auth.controller.ts:92:24)"},"timestamp":"2026-06-11 12:47:44"}
{"level":"info","message":"OTP 123456 sent to user: test@example.com","metadata":{},"timestamp":"2026-06-11 12:47:44"}
{"level":"info","message":"User registered successfully: test@example.com","metadata":{},"timestamp":"2026-06-11 12:48:27"}
{"level":"error","message":"Cannot read properties of undefined (reading 'user') - POST /api/auth/register","metadata":{"stack":"TypeError: Cannot read properties of undefined (reading 'user')\n    at register (C:\\Users\\sriva\\OneDrive\\Desktop\\Paytm_clone\\backend\\src\\modules\\auth\\auth.controller.ts:92:24)"},"timestamp":"2026-06-11 12:48:27"}
{"level":"info","message":"OTP 123456 sent to user: test@example.com","metadata":{},"timestamp":"2026-06-11 12:48:27"}
{"level":"info","message":"User registered successfully: test@example.com","metadata":{},"timestamp":"2026-06-11 12:48:49"}
{"level":"info","message":"OTP 123456 sent to user: test@example.com","metadata":{},"timestamp":"2026-06-11 12:48:49"}
{"level":"info","message":"User registered successfully: test@example.com","metadata":{},"timestamp":"2026-06-11 12:49:09"}
{"level":"info","message":"OTP 123456 sent to user: test@example.com","metadata":{},"timestamp":"2026-06-11 12:49:09"}
{"level":"info","message":"User registered successfully: test@example.com","metadata":{},"timestamp":"2026-06-11 12:51:51"}
{"level":"info","message":"OTP 123456 sent to user: test@example.com","metadata":{},"timestamp":"2026-06-11 12:51:52"}
{"level":"info","message":"User registered successfully: test@example.com","metadata":{},"timestamp":"2026-06-11 12:55:42"}
{"level":"info","message":"OTP 123456 sent to user: test@example.com","metadata":{},"timestamp":"2026-06-11 12:55:42"}
{"level":"error","message":"Access token is missing or invalid - GET /api/wallet","metadata":{"stack":"Error: Access token is missing or invalid\n    at authenticate (C:\\Users\\sriva\\OneDrive\\Desktop\\Paytm_clone\\backend\\src\\middlewares\\auth.ts:14:17)\n    at Layer.handle [as handle_request] (C:\\Users\\sriva\\OneDrive\\Desktop\\Paytm_clone\\backend\\node_modules\\express\\lib\\router\\layer.js:95:5)\n    at trim_prefix (C:\\Users\\sriva\\OneDrive\\Desktop\\Paytm_clone\\backend\\node_modules\\express\\lib\\router\\index.js:328:13)\n    at C:\\Users\\sriva\\OneDrive\\Desktop\\Paytm_clone\\backend\\node_modules\\express\\lib\\router\\index.js:286:9\n    at router.process_params (C:\\Users\\sriva\\OneDrive\\Desktop\\Paytm_clone\\backend\\node_modules\\express\\lib\\router\\index.js:346:12)\n    at next (C:\\Users\\sriva\\OneDrive\\Desktop\\Paytm_clone\\backend\\node_modules\\express\\lib\\router\\index.js:280:10)\n    at router.handle (C:\\Users\\sriva\\OneDrive\\Desktop\\Paytm_clone\\backend\\node_modules\\express\\lib\\router\\index.js:175:3)\n    at router (C:\\Users\\sriva\\OneDrive\\Desktop\\Paytm_clone\\backend\\node_modules\\express\\lib\\router\\index.js:47:12)\n    at Layer.handle [as handle_request] (C:\\Users\\sriva\\OneDrive\\Desktop\\Paytm_clone\\backend\\node_modules\\express\\lib\\router\\layer.js:95:5)\n    at trim_prefix (C:\\Users\\sriva\\OneDrive\\Desktop\\Paytm_clone\\backend\\node_modules\\express\\lib\\router\\index.js:328:13)\n    at C:\\Users\\sriva\\OneDrive\\Desktop\\Paytm_clone\\backend\\node_modules\\express\\lib\\router\\index.js:286:9\n    at router.process_params (C:\\Users\\sriva\\OneDrive\\Desktop\\Paytm_clone\\backend\\node_modules\\express\\lib\\router\\index.js:346:12)\n    at next (C:\\Users\\sriva\\OneDrive\\Desktop\\Paytm_clone\\backend\\node_modules\\express\\lib\\router\\index.js:280:10)\n    at C:\\Users\\sriva\\OneDrive\\Desktop\\Paytm_clone\\backend\\node_modules\\express-rate-limit\\dist\\index.cjs:807:7\n    at processTicksAndRejections (node:internal/process/task_queues:104:5)\n    at C:\\Users\\sriva\\OneDrive\\Desktop\\Paytm_clone\\backend\\node_modules\\express-rate-limit\\dist\\index.cjs:691:5"},"timestamp":"2026-06-11 12:56:11"}
{"level":"info","message":"Funds added to wallet. User ID: 1, Amount: 500","metadata":{},"timestamp":"2026-06-11 12:56:11"}
{"level":"info","message":"User registered successfully: test@example.com","metadata":{},"timestamp":"2026-06-11 12:56:11"}
{"level":"info","message":"OTP 123456 sent to user: test@example.com","metadata":{},"timestamp":"2026-06-11 12:56:11"}
{"level":"info","message":"PayShift Backend server running on port 5000 in development mode","metadata":{},"timestamp":"2026-06-11 13:01:15"}
{"level":"info","message":"User registered successfully: testuser@payshift.com","metadata":{},"timestamp":"2026-06-11 13:01:30"}
{"level":"info","message":"OTP 123456 sent to user: testuser@payshift.com","metadata":{},"timestamp":"2026-06-11 13:01:38"}
{"level":"info","message":"Funds added to wallet. User ID: 3, Amount: 1500","metadata":{},"timestamp":"2026-06-11 13:02:14"}
{"level":"info","message":"P2P transfer success. Sender ID: 3, Receiver ID: 2, Amount: 1000","metadata":{},"timestamp":"2026-06-11 13:02:41"}
{"level":"info","message":"QR transfer success. Sender ID: 3, Receiver ID: 2, Amount: 500","metadata":{},"timestamp":"2026-06-11 13:02:57"}
{"level":"info","message":"Recharge successful. User: 3, Type: MOBILE, Amount: 299","metadata":{},"timestamp":"2026-06-11 13:03:05"}
{"level":"info","message":"Bill payment successful. User: 3, Biller: MSEDCL Electricity, Amount: 1420.5","metadata":{},"timestamp":"2026-06-11 13:03:13"}
{"level":"info","message":"PayShift Backend server running on port 5000 in development mode","metadata":{},"timestamp":"2026-06-11 13:31:59"}
{"level":"error","message":"Invalid credentials - POST /api/auth/login","metadata":{"stack":"Error: Invalid credentials\n    at login (C:\\Users\\sriva\\OneDrive\\Desktop\\Paytm_clone\\backend\\dist\\modules\\auth\\auth.controller.js:98:19)"},"timestamp":"2026-06-11 13:35:20"}
{"level":"info","message":"User registered successfully: john@example.com","metadata":{},"timestamp":"2026-06-11 13:36:22"}
{"level":"info","message":"OTP 123456 sent to user: john@example.com","metadata":{},"timestamp":"2026-06-11 13:36:59"}
{"level":"info","message":"Funds added to wallet. User ID: 4, Amount: 2500","metadata":{},"timestamp":"2026-06-11 13:41:25"}
{"level":"info","message":"P2P transfer success. Sender ID: 4, Receiver ID: 2, Amount: 1000","metadata":{},"timestamp":"2026-06-11 13:43:04"}
{"level":"info","message":"Linked bank account State Bank of India for user 4","metadata":{},"timestamp":"2026-06-11 13:45:07"}
{"level":"info","message":"Created UPI ID john@sbi for user 4","metadata":{},"timestamp":"2026-06-11 13:46:12"}
{"level":"info","message":"QR transfer success. Sender ID: 4, Receiver ID: 2, Amount: 250","metadata":{},"timestamp":"2026-06-11 13:47:01"}
{"level":"info","message":"Recharge successful. User: 4, Type: MOBILE, Amount: 299","metadata":{},"timestamp":"2026-06-11 13:47:29"}
{"level":"info","message":"Bill payment successful. User: 4, Biller: MSEDCL Electricity, Amount: 1420.5","metadata":{},"timestamp":"2026-06-11 13:47:57"}
{"level":"info","message":"PayShift Backend server running on port 5000 in development mode","metadata":{},"timestamp":"2026-06-11 15:25:35"}
